{"/home/anusha/Documents/Ecommerce_Backend/src/app.ts": {"path":"/home/anusha/Documents/Ecommerce_Backend/src/app.ts","statementMap":{"0":{"start":{"line":1,"column":0},"end":{"line":1,"column":30}},"1":{"start":{"line":2,"column":0},"end":{"line":2,"column":53}},"2":{"start":{"line":3,"column":0},"end":{"line":3,"column":44}},"3":{"start":{"line":4,"column":0},"end":{"line":4,"column":48}},"4":{"start":{"line":5,"column":0},"end":{"line":5,"column":47}},"5":{"start":{"line":6,"column":0},"end":{"line":6,"column":24}},"6":{"start":{"line":8,"column":0},"end":{"line":8,"column":28}},"7":{"start":{"line":9,"column":0},"end":{"line":9,"column":36}},"8":{"start":{"line":10,"column":0},"end":{"line":10,"column":51}},"9":{"start":{"line":12,"column":0},"end":{"line":12,"column":16}},"10":{"start":{"line":14,"column":12},"end":{"line":14,"column":21}},"11":{"start":{"line":16,"column":0},"end":{"line":16,"column":24}},"12":{"start":{"line":18,"column":0},"end":{"line":24,"column":2}},"13":{"start":{"line":26,"column":15},"end":{"line":36,"column":2}},"14":{"start":{"line":30,"column":4},"end":{"line":32,"column":5}},"15":{"start":{"line":31,"column":6},"end":{"line":31,"column":35}},"16":{"start":{"line":33,"column":30},"end":{"line":33,"column":62}},"17":{"start":{"line":34,"column":4},"end":{"line":34,"column":33}},"18":{"start":{"line":38,"column":36},"end":{"line":38,"column":40}},"19":{"start":{"line":40,"column":27},"end":{"line":58,"column":1}},"20":{"start":{"line":41,"column":2},"end":{"line":44,"column":3}},"21":{"start":{"line":42,"column":4},"end":{"line":42,"column":45}},"22":{"start":{"line":43,"column":4},"end":{"line":43,"column":49}},"23":{"start":{"line":46,"column":2},"end":{"line":46,"column":23}},"24":{"start":{"line":47,"column":2},"end":{"line":47,"column":64}},"25":{"start":{"line":49,"column":15},"end":{"line":49,"column":39}},"26":{"start":{"line":50,"column":2},"end":{"line":55,"column":5}},"27":{"start":{"line":51,"column":4},"end":{"line":53,"column":6}},"28":{"start":{"line":54,"column":4},"end":{"line":54,"column":22}},"29":{"start":{"line":57,"column":2},"end":{"line":57,"column":24}},"30":{"start":{"line":40,"column":13},"end":{"line":40,"column":27}},"31":{"start":{"line":60,"column":26},"end":{"line":76,"column":1}},"32":{"start":{"line":61,"column":2},"end":{"line":75,"column":3}},"33":{"start":{"line":62,"column":4},"end":{"line":72,"column":7}},"34":{"start":{"line":63,"column":6},"end":{"line":71,"column":9}},"35":{"start":{"line":64,"column":8},"end":{"line":70,"column":9}},"36":{"start":{"line":65,"column":10},"end":{"line":65,"column":22}},"37":{"start":{"line":67,"column":10},"end":{"line":67,"column":53}},"38":{"start":{"line":68,"column":10},"end":{"line":68,"column":32}},"39":{"start":{"line":69,"column":10},"end":{"line":69,"column":20}},"40":{"start":{"line":74,"column":4},"end":{"line":74,"column":29}},"41":{"start":{"line":60,"column":13},"end":{"line":60,"column":26}},"42":{"start":{"line":78,"column":0},"end":{"line":83,"column":1}},"43":{"start":{"line":79,"column":2},"end":{"line":82,"column":5}},"44":{"start":{"line":80,"column":4},"end":{"line":80,"column":50}},"45":{"start":{"line":81,"column":4},"end":{"line":81,"column":20}}},"fnMap":{"0":{"name":"(anonymous_1)","decl":{"start":{"line":29,"column":11},"end":{"line":29,"column":16}},"loc":{"start":{"line":29,"column":22},"end":{"line":35,"column":3}}},"1":{"name":"(anonymous_2)","decl":{"start":{"line":40,"column":27},"end":{"line":40,"column":32}},"loc":{"start":{"line":40,"column":38},"end":{"line":58,"column":1}}},"2":{"name":"(anonymous_3)","decl":{"start":{"line":50,"column":36},"end":{"line":50,"column":39}},"loc":{"start":{"line":50,"column":41},"end":{"line":55,"column":3}}},"3":{"name":"(anonymous_4)","decl":{"start":{"line":60,"column":26},"end":{"line":60,"column":31}},"loc":{"start":{"line":60,"column":37},"end":{"line":76,"column":1}}},"4":{"name":"(anonymous_5)","decl":{"start":{"line":62,"column":29},"end":{"line":62,"column":30}},"loc":{"start":{"line":62,"column":49},"end":{"line":72,"column":5}}},"5":{"name":"(anonymous_6)","decl":{"start":{"line":63,"column":28},"end":{"line":63,"column":29}},"loc":{"start":{"line":63,"column":55},"end":{"line":71,"column":7}}},"6":{"name":"(anonymous_7)","decl":{"start":{"line":79,"column":22},"end":{"line":79,"column":23}},"loc":{"start":{"line":79,"column":30},"end":{"line":82,"column":3}}}},"branchMap":{"0":{"loc":{"start":{"line":30,"column":4},"end":{"line":32,"column":5}},"type":"if","locations":[{"start":{"line":30,"column":4},"end":{"line":32,"column":5}}]},"1":{"loc":{"start":{"line":41,"column":2},"end":{"line":44,"column":3}},"type":"if","locations":[{"start":{"line":41,"column":2},"end":{"line":44,"column":3}}]},"2":{"loc":{"start":{"line":49,"column":15},"end":{"line":49,"column":39}},"type":"binary-expr","locations":[{"start":{"line":49,"column":15},"end":{"line":49,"column":31}},{"start":{"line":49,"column":35},"end":{"line":49,"column":39}}]},"3":{"loc":{"start":{"line":61,"column":2},"end":{"line":75,"column":3}},"type":"if","locations":[{"start":{"line":61,"column":2},"end":{"line":75,"column":3}},{"start":{"line":73,"column":9},"end":{"line":75,"column":3}}]},"4":{"loc":{"start":{"line":63,"column":6},"end":{"line":71,"column":8}},"type":"cond-expr","locations":[{"start":{"line":63,"column":20},"end":{"line":63,"column":22}},{"start":{"line":63,"column":6},"end":{"line":71,"column":8}}]},"5":{"loc":{"start":{"line":63,"column":6},"end":{"line":63,"column":22}},"type":"binary-expr","locations":[{"start":{"line":63,"column":6},"end":{"line":63,"column":22}},{"start":{"line":63,"column":6},"end":{"line":63,"column":22}}]},"6":{"loc":{"start":{"line":64,"column":8},"end":{"line":70,"column":9}},"type":"if","locations":[{"start":{"line":64,"column":8},"end":{"line":70,"column":9}},{"start":{"line":66,"column":15},"end":{"line":70,"column":9}}]},"7":{"loc":{"start":{"line":78,"column":0},"end":{"line":83,"column":1}},"type":"if","locations":[{"start":{"line":78,"column":0},"end":{"line":83,"column":1}}]}},"s":{"0":0,"1":0,"2":0,"3":0,"4":0,"5":0,"6":0,"7":0,"8":0,"9":0,"10":0,"11":0,"12":0,"13":0,"14":0,"15":0,"16":0,"17":0,"18":0,"19":0,"20":0,"21":0,"22":0,"23":0,"24":0,"25":0,"26":0,"27":0,"28":0,"29":0,"30":0,"31":0,"32":0,"33":0,"34":0,"35":0,"36":0,"37":0,"38":0,"39":0,"40":0,"41":0,"42":0,"43":0,"44":0,"45":0},"f":{"0":0,"1":0,"2":0,"3":0,"4":0,"5":0,"6":0},"b":{"0":[0],"1":[0],"2":[0,0],"3":[0,0],"4":[0,0],"5":[0,0],"6":[0,0],"7":[0]}}
,"/home/anusha/Documents/Ecommerce_Backend/src/index.ts": {"path":"/home/anusha/Documents/Ecommerce_Backend/src/index.ts","statementMap":{"0":{"start":{"line":1,"column":0},"end":{"line":1,"column":47}},"1":{"start":{"line":3,"column":31},"end":{"line":15,"column":1}},"2":{"start":{"line":4,"column":2},"end":{"line":14,"column":3}},"3":{"start":{"line":5,"column":4},"end":{"line":11,"column":5}},"4":{"start":{"line":6,"column":6},"end":{"line":6,"column":48}},"5":{"start":{"line":7,"column":6},"end":{"line":7,"column":35}},"6":{"start":{"line":8,"column":6},"end":{"line":8,"column":57}},"7":{"start":{"line":10,"column":6},"end":{"line":10,"column":52}},"8":{"start":{"line":13,"column":4},"end":{"line":13,"column":56}},"9":{"start":{"line":3,"column":13},"end":{"line":3,"column":31}}},"fnMap":{"0":{"name":"(anonymous_0)","decl":{"start":{"line":3,"column":31},"end":{"line":3,"column":36}},"loc":{"start":{"line":3,"column":42},"end":{"line":15,"column":1}}}},"branchMap":{"0":{"loc":{"start":{"line":5,"column":4},"end":{"line":11,"column":5}},"type":"if","locations":[{"start":{"line":5,"column":4},"end":{"line":11,"column":5}},{"start":{"line":9,"column":11},"end":{"line":11,"column":5}}]}},"s":{"0":1,"1":1,"2":1,"3":1,"4":0,"5":0,"6":0,"7":1,"8":0,"9":1},"f":{"0":1},"b":{"0":[0,1]}}
,"/home/anusha/Documents/Ecommerce_Backend/src/config/ormconfig.ts": {"path":"/home/anusha/Documents/Ecommerce_Backend/src/config/ormconfig.ts","statementMap":{"0":{"start":{"line":1,"column":0},"end":{"line":1,"column":37}},"1":{"start":{"line":2,"column":0},"end":{"line":2,"column":33}},"2":{"start":{"line":3,"column":0},"end":{"line":3,"column":52}},"3":{"start":{"line":4,"column":0},"end":{"line":4,"column":16}},"4":{"start":{"line":6,"column":13},"end":{"line":16,"column":3}}},"fnMap":{},"branchMap":{"0":{"loc":{"start":{"line":9,"column":17},"end":{"line":9,"column":52}},"type":"binary-expr","locations":[{"start":{"line":9,"column":17},"end":{"line":9,"column":42}},{"start":{"line":9,"column":46},"end":{"line":9,"column":52}}]}},"s":{"0":3,"1":3,"2":3,"3":3,"4":3},"f":{},"b":{"0":[3,0]}}
,"/home/anusha/Documents/Ecommerce_Backend/src/entities/ProductEntity.ts": {"path":"/home/anusha/Documents/Ecommerce_Backend/src/entities/ProductEntity.ts","statementMap":{"0":{"start":{"line":1,"column":0},"end":{"line":1,"column":65}},"1":{"start":{"line":4,"column":7},"end":{"line":22,"column":null}},"2":{"start":{"line":4,"column":13},"end":{"line":4,"column":20}},"3":{"start":{"line":6,"column":2},"end":{"line":6,"column":null}},"4":{"start":{"line":9,"column":2},"end":{"line":9,"column":null}},"5":{"start":{"line":12,"column":2},"end":{"line":12,"column":null}},"6":{"start":{"line":15,"column":2},"end":{"line":15,"column":null}},"7":{"start":{"line":18,"column":2},"end":{"line":18,"column":null}},"8":{"start":{"line":21,"column":2},"end":{"line":21,"column":null}},"9":{"start":{"line":4,"column":13},"end":{"line":22,"column":null}}},"fnMap":{},"branchMap":{},"s":{"0":3,"1":3,"2":3,"3":3,"4":3,"5":3,"6":3,"7":3,"8":3,"9":3},"f":{},"b":{}}
,"/home/anusha/Documents/Ecommerce_Backend/src/graphql/resolvers.ts": {"path":"/home/anusha/Documents/Ecommerce_Backend/src/graphql/resolvers.ts","statementMap":{"0":{"start":{"line":1,"column":0},"end":{"line":1,"column":26}},"1":{"start":{"line":7,"column":25},"end":{"line":7,"column":57}},"2":{"start":{"line":9,"column":13},"end":{"line":173,"column":2}},"3":{"start":{"line":17,"column":6},"end":{"line":32,"column":7}},"4":{"start":{"line":18,"column":8},"end":{"line":18,"column":77}},"5":{"start":{"line":20,"column":8},"end":{"line":30,"column":9}},"6":{"start":{"line":21,"column":10},"end":{"line":24,"column":13}},"7":{"start":{"line":26,"column":10},"end":{"line":29,"column":12}},"8":{"start":{"line":31,"column":8},"end":{"line":31,"column":52}},"9":{"start":{"line":41,"column":6},"end":{"line":55,"column":7}},"10":{"start":{"line":42,"column":24},"end":{"line":42,"column":73}},"11":{"start":{"line":43,"column":8},"end":{"line":43,"column":59}},"12":{"start":{"line":43,"column":22},"end":{"line":43,"column":59}},"13":{"start":{"line":44,"column":8},"end":{"line":44,"column":23}},"14":{"start":{"line":46,"column":8},"end":{"line":53,"column":9}},"15":{"start":{"line":47,"column":10},"end":{"line":50,"column":13}},"16":{"start":{"line":52,"column":10},"end":{"line":52,"column":75}},"17":{"start":{"line":54,"column":8},"end":{"line":54,"column":51}},"18":{"start":{"line":65,"column":6},"end":{"line":96,"column":7}},"19":{"start":{"line":66,"column":25},"end":{"line":66,"column":58}},"20":{"start":{"line":67,"column":25},"end":{"line":67,"column":53}},"21":{"start":{"line":69,"column":36},"end":{"line":79,"column":11}},"22":{"start":{"line":69,"column":68},"end":{"line":79,"column":10}},"23":{"start":{"line":81,"column":8},"end":{"line":81,"column":58}},"24":{"start":{"line":82,"column":8},"end":{"line":82,"column":35}},"25":{"start":{"line":84,"column":8},"end":{"line":95,"column":9}},"26":{"start":{"line":85,"column":10},"end":{"line":90,"column":13}},"27":{"start":{"line":91,"column":10},"end":{"line":91,"column":64}},"28":{"start":{"line":93,"column":10},"end":{"line":93,"column":61}},"29":{"start":{"line":94,"column":10},"end":{"line":94,"column":64}},"30":{"start":{"line":104,"column":6},"end":{"line":124,"column":7}},"31":{"start":{"line":105,"column":24},"end":{"line":111,"column":10}},"32":{"start":{"line":112,"column":8},"end":{"line":112,"column":54}},"33":{"start":{"line":113,"column":8},"end":{"line":113,"column":23}},"34":{"start":{"line":115,"column":8},"end":{"line":122,"column":9}},"35":{"start":{"line":116,"column":10},"end":{"line":119,"column":13}},"36":{"start":{"line":121,"column":10},"end":{"line":121,"column":69}},"37":{"start":{"line":123,"column":8},"end":{"line":123,"column":52}},"38":{"start":{"line":132,"column":6},"end":{"line":149,"column":7}},"39":{"start":{"line":133,"column":24},"end":{"line":133,"column":73}},"40":{"start":{"line":134,"column":8},"end":{"line":134,"column":59}},"41":{"start":{"line":134,"column":22},"end":{"line":134,"column":59}},"42":{"start":{"line":136,"column":8},"end":{"line":136,"column":74}},"43":{"start":{"line":137,"column":8},"end":{"line":137,"column":54}},"44":{"start":{"line":138,"column":8},"end":{"line":138,"column":23}},"45":{"start":{"line":140,"column":8},"end":{"line":147,"column":9}},"46":{"start":{"line":141,"column":10},"end":{"line":144,"column":13}},"47":{"start":{"line":146,"column":10},"end":{"line":146,"column":69}},"48":{"start":{"line":148,"column":8},"end":{"line":148,"column":52}},"49":{"start":{"line":157,"column":6},"end":{"line":170,"column":7}},"50":{"start":{"line":158,"column":23},"end":{"line":158,"column":69}},"51":{"start":{"line":159,"column":8},"end":{"line":159,"column":46}},"52":{"start":{"line":161,"column":8},"end":{"line":168,"column":9}},"53":{"start":{"line":162,"column":10},"end":{"line":165,"column":13}},"54":{"start":{"line":167,"column":10},"end":{"line":167,"column":69}},"55":{"start":{"line":169,"column":8},"end":{"line":169,"column":52}}},"fnMap":{"0":{"name":"(anonymous_1)","decl":{"start":{"line":12,"column":14},"end":{"line":12,"column":19}},"loc":{"start":{"line":16,"column":8},"end":{"line":33,"column":5}}},"1":{"name":"(anonymous_2)","decl":{"start":{"line":36,"column":13},"end":{"line":36,"column":18}},"loc":{"start":{"line":40,"column":8},"end":{"line":56,"column":5}}},"2":{"name":"(anonymous_3)","decl":{"start":{"line":60,"column":27},"end":{"line":60,"column":32}},"loc":{"start":{"line":64,"column":8},"end":{"line":97,"column":5}}},"3":{"name":"(anonymous_4)","decl":{"start":{"line":69,"column":49},"end":{"line":69,"column":50}},"loc":{"start":{"line":69,"column":68},"end":{"line":79,"column":10}}},"4":{"name":"(anonymous_5)","decl":{"start":{"line":99,"column":19},"end":{"line":99,"column":24}},"loc":{"start":{"line":103,"column":8},"end":{"line":125,"column":5}}},"5":{"name":"(anonymous_6)","decl":{"start":{"line":127,"column":19},"end":{"line":127,"column":24}},"loc":{"start":{"line":131,"column":8},"end":{"line":150,"column":5}}},"6":{"name":"(anonymous_7)","decl":{"start":{"line":152,"column":19},"end":{"line":152,"column":24}},"loc":{"start":{"line":156,"column":8},"end":{"line":171,"column":5}}}},"branchMap":{"0":{"loc":{"start":{"line":20,"column":8},"end":{"line":30,"column":9}},"type":"if","locations":[{"start":{"line":20,"column":8},"end":{"line":30,"column":9}},{"start":{"line":25,"column":15},"end":{"line":30,"column":9}}]},"1":{"loc":{"start":{"line":43,"column":8},"end":{"line":43,"column":59}},"type":"if","locations":[{"start":{"line":43,"column":8},"end":{"line":43,"column":59}}]},"2":{"loc":{"start":{"line":46,"column":8},"end":{"line":53,"column":9}},"type":"if","locations":[{"start":{"line":46,"column":8},"end":{"line":53,"column":9}},{"start":{"line":51,"column":15},"end":{"line":53,"column":9}}]},"3":{"loc":{"start":{"line":67,"column":25},"end":{"line":67,"column":53}},"type":"binary-expr","locations":[{"start":{"line":67,"column":25},"end":{"line":67,"column":47}},{"start":{"line":67,"column":51},"end":{"line":67,"column":53}}]},"4":{"loc":{"start":{"line":76,"column":12},"end":{"line":78,"column":55}},"type":"cond-expr","locations":[{"start":{"line":77,"column":16},"end":{"line":77,"column":33}},{"start":{"line":78,"column":16},"end":{"line":78,"column":55}}]},"5":{"loc":{"start":{"line":76,"column":12},"end":{"line":76,"column":55}},"type":"binary-expr","locations":[{"start":{"line":76,"column":12},"end":{"line":76,"column":26}},{"start":{"line":76,"column":30},"end":{"line":76,"column":55}}]},"6":{"loc":{"start":{"line":84,"column":8},"end":{"line":95,"column":9}},"type":"if","locations":[{"start":{"line":84,"column":8},"end":{"line":95,"column":9}},{"start":{"line":92,"column":15},"end":{"line":95,"column":9}}]},"7":{"loc":{"start":{"line":89,"column":22},"end":{"line":89,"column":51}},"type":"cond-expr","locations":[{"start":{"line":89,"column":45},"end":{"line":89,"column":47}},{"start":{"line":89,"column":45},"end":{"line":89,"column":51}}]},"8":{"loc":{"start":{"line":89,"column":22},"end":{"line":89,"column":47}},"type":"binary-expr","locations":[{"start":{"line":89,"column":22},"end":{"line":89,"column":47}},{"start":{"line":89,"column":45},"end":{"line":89,"column":47}}]},"9":{"loc":{"start":{"line":115,"column":8},"end":{"line":122,"column":9}},"type":"if","locations":[{"start":{"line":115,"column":8},"end":{"line":122,"column":9}},{"start":{"line":120,"column":15},"end":{"line":122,"column":9}}]},"10":{"loc":{"start":{"line":134,"column":8},"end":{"line":134,"column":59}},"type":"if","locations":[{"start":{"line":134,"column":8},"end":{"line":134,"column":59}}]},"11":{"loc":{"start":{"line":140,"column":8},"end":{"line":147,"column":9}},"type":"if","locations":[{"start":{"line":140,"column":8},"end":{"line":147,"column":9}},{"start":{"line":145,"column":15},"end":{"line":147,"column":9}}]},"12":{"loc":{"start":{"line":159,"column":15},"end":{"line":159,"column":45}},"type":"cond-expr","locations":[{"start":{"line":159,"column":33},"end":{"line":159,"column":37}},{"start":{"line":159,"column":40},"end":{"line":159,"column":45}}]},"13":{"loc":{"start":{"line":161,"column":8},"end":{"line":168,"column":9}},"type":"if","locations":[{"start":{"line":161,"column":8},"end":{"line":168,"column":9}},{"start":{"line":166,"column":15},"end":{"line":168,"column":9}}]}},"s":{"0":3,"1":3,"2":3,"3":1,"4":1,"5":0,"6":0,"7":0,"8":0,"9":0,"10":0,"11":0,"12":0,"13":0,"14":0,"15":0,"16":0,"17":0,"18":2,"19":2,"20":2,"21":2,"22":2,"23":2,"24":2,"25":0,"26":0,"27":0,"28":0,"29":0,"30":0,"31":0,"32":0,"33":0,"34":0,"35":0,"36":0,"37":0,"38":0,"39":0,"40":0,"41":0,"42":0,"43":0,"44":0,"45":0,"46":0,"47":0,"48":0,"49":0,"50":0,"51":0,"52":0,"53":0,"54":0,"55":0},"f":{"0":1,"1":0,"2":2,"3":2,"4":0,"5":0,"6":0},"b":{"0":[0,0],"1":[0],"2":[0,0],"3":[2,0],"4":[0,2],"5":[2,0],"6":[0,0],"7":[0,0],"8":[0,0],"9":[0,0],"10":[0],"11":[0,0],"12":[0,0],"13":[0,0]}}
,"/home/anusha/Documents/Ecommerce_Backend/src/graphql/schema.ts": {"path":"/home/anusha/Documents/Ecommerce_Backend/src/graphql/schema.ts","statementMap":{"0":{"start":{"line":1,"column":0},"end":{"line":1,"column":44}},"1":{"start":{"line":3,"column":13},"end":{"line":37,"column":2}}},"fnMap":{},"branchMap":{},"s":{"0":2,"1":2},"f":{},"b":{}}
,"/home/anusha/Documents/Ecommerce_Backend/src/tests/setupTests.ts": {"path":"/home/anusha/Documents/Ecommerce_Backend/src/tests/setupTests.ts","statementMap":{"0":{"start":{"line":1,"column":0},"end":{"line":1,"column":49}}},"fnMap":{},"branchMap":{},"s":{"0":0},"f":{},"b":{}}
,"/home/anusha/Documents/Ecommerce_Backend/src/tests/mocks/axiosMocks.ts": {"path":"/home/anusha/Documents/Ecommerce_Backend/src/tests/mocks/axiosMocks.ts","statementMap":{"0":{"start":{"line":1,"column":0},"end":{"line":1,"column":43}},"1":{"start":{"line":2,"column":0},"end":{"line":2,"column":45}},"2":{"start":{"line":5,"column":18},"end":{"line":5,"column":51}},"3":{"start":{"line":8,"column":0},"end":{"line":10,"column":3}},"4":{"start":{"line":13,"column":0},"end":{"line":15,"column":3}},"5":{"start":{"line":17,"column":0},"end":{"line":17,"column":25}}},"fnMap":{},"branchMap":{},"s":{"0":0,"1":0,"2":0,"3":0,"4":0,"5":0},"f":{},"b":{}}
,"/home/anusha/Documents/Ecommerce_Backend/src/tests/mocks/productMocks.ts": {"path":"/home/anusha/Documents/Ecommerce_Backend/src/tests/mocks/productMocks.ts","statementMap":{"0":{"start":{"line":1,"column":13},"end":{"line":8,"column":2}}},"fnMap":{},"branchMap":{},"s":{"0":0},"f":{},"b":{}}
}
