{"/home/anusha/Documents/Ecommerce_Backend/src/app.ts": {"path":"/home/anusha/Documents/Ecommerce_Backend/src/app.ts","statementMap":{"0":{"start":{"line":1,"column":0},"end":{"line":1,"column":30}},"1":{"start":{"line":2,"column":0},"end":{"line":2,"column":53}},"2":{"start":{"line":3,"column":0},"end":{"line":3,"column":44}},"3":{"start":{"line":4,"column":0},"end":{"line":4,"column":48}},"4":{"start":{"line":5,"column":0},"end":{"line":5,"column":47}},"5":{"start":{"line":6,"column":0},"end":{"line":6,"column":24}},"6":{"start":{"line":8,"column":0},"end":{"line":8,"column":28}},"7":{"start":{"line":9,"column":0},"end":{"line":9,"column":36}},"8":{"start":{"line":10,"column":0},"end":{"line":10,"column":51}},"9":{"start":{"line":11,"column":0},"end":{"line":11,"column":45}},"10":{"start":{"line":12,"column":0},"end":{"line":12,"column":45}},"11":{"start":{"line":13,"column":0},"end":{"line":13,"column":53}},"12":{"start":{"line":15,"column":0},"end":{"line":15,"column":16}},"13":{"start":{"line":17,"column":12},"end":{"line":17,"column":21}},"14":{"start":{"line":19,"column":0},"end":{"line":19,"column":24}},"15":{"start":{"line":20,"column":0},"end":{"line":27,"column":2}},"16":{"start":{"line":29,"column":15},"end":{"line":59,"column":2}},"17":{"start":{"line":33,"column":4},"end":{"line":35,"column":5}},"18":{"start":{"line":34,"column":6},"end":{"line":34,"column":35}},"19":{"start":{"line":37,"column":30},"end":{"line":37,"column":62}},"20":{"start":{"line":38,"column":27},"end":{"line":38,"column":56}},"21":{"start":{"line":39,"column":27},"end":{"line":39,"column":56}},"22":{"start":{"line":40,"column":31},"end":{"line":40,"column":64}},"23":{"start":{"line":42,"column":4},"end":{"line":47,"column":6}},"24":{"start":{"line":51,"column":4},"end":{"line":51,"column":41}},"25":{"start":{"line":52,"column":4},"end":{"line":57,"column":6}},"26":{"start":{"line":61,"column":36},"end":{"line":61,"column":40}},"27":{"start":{"line":63,"column":27},"end":{"line":87,"column":1}},"28":{"start":{"line":64,"column":2},"end":{"line":67,"column":3}},"29":{"start":{"line":65,"column":4},"end":{"line":65,"column":45}},"30":{"start":{"line":66,"column":4},"end":{"line":66,"column":49}},"31":{"start":{"line":69,"column":2},"end":{"line":86,"column":3}},"32":{"start":{"line":70,"column":4},"end":{"line":70,"column":25}},"33":{"start":{"line":72,"column":4},"end":{"line":72,"column":66}},"34":{"start":{"line":74,"column":17},"end":{"line":74,"column":41}},"35":{"start":{"line":75,"column":4},"end":{"line":80,"column":7}},"36":{"start":{"line":76,"column":6},"end":{"line":78,"column":8}},"37":{"start":{"line":79,"column":6},"end":{"line":79,"column":24}},"38":{"start":{"line":82,"column":4},"end":{"line":82,"column":26}},"39":{"start":{"line":84,"column":4},"end":{"line":84,"column":50}},"40":{"start":{"line":85,"column":4},"end":{"line":85,"column":46}},"41":{"start":{"line":63,"column":13},"end":{"line":63,"column":27}},"42":{"start":{"line":89,"column":26},"end":{"line":105,"column":1}},"43":{"start":{"line":90,"column":2},"end":{"line":104,"column":3}},"44":{"start":{"line":91,"column":4},"end":{"line":101,"column":7}},"45":{"start":{"line":92,"column":6},"end":{"line":100,"column":9}},"46":{"start":{"line":93,"column":8},"end":{"line":99,"column":9}},"47":{"start":{"line":94,"column":10},"end":{"line":94,"column":22}},"48":{"start":{"line":96,"column":10},"end":{"line":96,"column":53}},"49":{"start":{"line":97,"column":10},"end":{"line":97,"column":32}},"50":{"start":{"line":98,"column":10},"end":{"line":98,"column":20}},"51":{"start":{"line":103,"column":4},"end":{"line":103,"column":29}},"52":{"start":{"line":89,"column":13},"end":{"line":89,"column":26}},"53":{"start":{"line":107,"column":0},"end":{"line":112,"column":1}},"54":{"start":{"line":108,"column":2},"end":{"line":111,"column":5}},"55":{"start":{"line":109,"column":4},"end":{"line":109,"column":50}},"56":{"start":{"line":110,"column":4},"end":{"line":110,"column":20}}},"fnMap":{"0":{"name":"(anonymous_1)","decl":{"start":{"line":32,"column":11},"end":{"line":32,"column":16}},"loc":{"start":{"line":32,"column":22},"end":{"line":48,"column":3}}},"1":{"name":"(anonymous_2)","decl":{"start":{"line":50,"column":15},"end":{"line":50,"column":16}},"loc":{"start":{"line":50,"column":23},"end":{"line":58,"column":3}}},"2":{"name":"(anonymous_3)","decl":{"start":{"line":63,"column":27},"end":{"line":63,"column":32}},"loc":{"start":{"line":63,"column":38},"end":{"line":87,"column":1}}},"3":{"name":"(anonymous_4)","decl":{"start":{"line":75,"column":38},"end":{"line":75,"column":41}},"loc":{"start":{"line":75,"column":43},"end":{"line":80,"column":5}}},"4":{"name":"(anonymous_5)","decl":{"start":{"line":89,"column":26},"end":{"line":89,"column":31}},"loc":{"start":{"line":89,"column":37},"end":{"line":105,"column":1}}},"5":{"name":"(anonymous_6)","decl":{"start":{"line":91,"column":29},"end":{"line":91,"column":30}},"loc":{"start":{"line":91,"column":49},"end":{"line":101,"column":5}}},"6":{"name":"(anonymous_7)","decl":{"start":{"line":92,"column":28},"end":{"line":92,"column":29}},"loc":{"start":{"line":92,"column":55},"end":{"line":100,"column":7}}},"7":{"name":"(anonymous_8)","decl":{"start":{"line":108,"column":22},"end":{"line":108,"column":23}},"loc":{"start":{"line":108,"column":30},"end":{"line":111,"column":3}}}},"branchMap":{"0":{"loc":{"start":{"line":33,"column":4},"end":{"line":35,"column":5}},"type":"if","locations":[{"start":{"line":33,"column":4},"end":{"line":35,"column":5}}]},"1":{"loc":{"start":{"line":54,"column":12},"end":{"line":54,"column":59}},"type":"binary-expr","locations":[{"start":{"line":54,"column":12},"end":{"line":54,"column":32}},{"start":{"line":54,"column":36},"end":{"line":54,"column":59}}]},"2":{"loc":{"start":{"line":54,"column":12},"end":{"line":54,"column":32}},"type":"cond-expr","locations":[{"start":{"line":54,"column":26},"end":{"line":54,"column":28}},{"start":{"line":54,"column":26},"end":{"line":54,"column":32}}]},"3":{"loc":{"start":{"line":54,"column":12},"end":{"line":54,"column":28}},"type":"binary-expr","locations":[{"start":{"line":54,"column":12},"end":{"line":54,"column":28}},{"start":{"line":54,"column":26},"end":{"line":54,"column":28}}]},"4":{"loc":{"start":{"line":64,"column":2},"end":{"line":67,"column":3}},"type":"if","locations":[{"start":{"line":64,"column":2},"end":{"line":67,"column":3}}]},"5":{"loc":{"start":{"line":74,"column":17},"end":{"line":74,"column":41}},"type":"binary-expr","locations":[{"start":{"line":74,"column":17},"end":{"line":74,"column":33}},{"start":{"line":74,"column":37},"end":{"line":74,"column":41}}]},"6":{"loc":{"start":{"line":90,"column":2},"end":{"line":104,"column":3}},"type":"if","locations":[{"start":{"line":90,"column":2},"end":{"line":104,"column":3}},{"start":{"line":102,"column":9},"end":{"line":104,"column":3}}]},"7":{"loc":{"start":{"line":92,"column":6},"end":{"line":100,"column":8}},"type":"cond-expr","locations":[{"start":{"line":92,"column":20},"end":{"line":92,"column":22}},{"start":{"line":92,"column":6},"end":{"line":100,"column":8}}]},"8":{"loc":{"start":{"line":92,"column":6},"end":{"line":92,"column":22}},"type":"binary-expr","locations":[{"start":{"line":92,"column":6},"end":{"line":92,"column":22}},{"start":{"line":92,"column":6},"end":{"line":92,"column":22}}]},"9":{"loc":{"start":{"line":93,"column":8},"end":{"line":99,"column":9}},"type":"if","locations":[{"start":{"line":93,"column":8},"end":{"line":99,"column":9}},{"start":{"line":95,"column":15},"end":{"line":99,"column":9}}]},"10":{"loc":{"start":{"line":107,"column":0},"end":{"line":112,"column":1}},"type":"if","locations":[{"start":{"line":107,"column":0},"end":{"line":112,"column":1}}]}},"s":{"0":0,"1":0,"2":0,"3":0,"4":0,"5":0,"6":0,"7":0,"8":0,"9":0,"10":0,"11":0,"12":0,"13":0,"14":0,"15":0,"16":0,"17":0,"18":0,"19":0,"20":0,"21":0,"22":0,"23":0,"24":0,"25":0,"26":0,"27":0,"28":0,"29":0,"30":0,"31":0,"32":0,"33":0,"34":0,"35":0,"36":0,"37":0,"38":0,"39":0,"40":0,"41":0,"42":0,"43":0,"44":0,"45":0,"46":0,"47":0,"48":0,"49":0,"50":0,"51":0,"52":0,"53":0,"54":0,"55":0,"56":0},"f":{"0":0,"1":0,"2":0,"3":0,"4":0,"5":0,"6":0,"7":0},"b":{"0":[0],"1":[0,0],"2":[0,0],"3":[0,0],"4":[0],"5":[0,0],"6":[0,0],"7":[0,0],"8":[0,0],"9":[0,0],"10":[0]}}
,"/home/anusha/Documents/Ecommerce_Backend/src/index.ts": {"path":"/home/anusha/Documents/Ecommerce_Backend/src/index.ts","statementMap":{"0":{"start":{"line":1,"column":0},"end":{"line":1,"column":47}},"1":{"start":{"line":3,"column":31},"end":{"line":15,"column":1}},"2":{"start":{"line":4,"column":2},"end":{"line":14,"column":3}},"3":{"start":{"line":5,"column":4},"end":{"line":11,"column":5}},"4":{"start":{"line":6,"column":6},"end":{"line":6,"column":48}},"5":{"start":{"line":7,"column":6},"end":{"line":7,"column":35}},"6":{"start":{"line":8,"column":6},"end":{"line":8,"column":57}},"7":{"start":{"line":10,"column":6},"end":{"line":10,"column":52}},"8":{"start":{"line":13,"column":4},"end":{"line":13,"column":56}},"9":{"start":{"line":3,"column":13},"end":{"line":3,"column":31}}},"fnMap":{"0":{"name":"(anonymous_0)","decl":{"start":{"line":3,"column":31},"end":{"line":3,"column":36}},"loc":{"start":{"line":3,"column":42},"end":{"line":15,"column":1}}}},"branchMap":{"0":{"loc":{"start":{"line":5,"column":4},"end":{"line":11,"column":5}},"type":"if","locations":[{"start":{"line":5,"column":4},"end":{"line":11,"column":5}},{"start":{"line":9,"column":11},"end":{"line":11,"column":5}}]}},"s":{"0":1,"1":1,"2":1,"3":1,"4":0,"5":0,"6":0,"7":1,"8":0,"9":1},"f":{"0":1},"b":{"0":[0,1]}}
,"/home/anusha/Documents/Ecommerce_Backend/src/config/ormconfig.ts": {"path":"/home/anusha/Documents/Ecommerce_Backend/src/config/ormconfig.ts","statementMap":{"0":{"start":{"line":1,"column":0},"end":{"line":1,"column":37}},"1":{"start":{"line":2,"column":0},"end":{"line":2,"column":33}},"2":{"start":{"line":3,"column":0},"end":{"line":3,"column":52}},"3":{"start":{"line":4,"column":0},"end":{"line":4,"column":46}},"4":{"start":{"line":5,"column":0},"end":{"line":5,"column":46}},"5":{"start":{"line":6,"column":0},"end":{"line":6,"column":54}},"6":{"start":{"line":7,"column":0},"end":{"line":7,"column":16}},"7":{"start":{"line":9,"column":13},"end":{"line":19,"column":3}}},"fnMap":{},"branchMap":{"0":{"loc":{"start":{"line":12,"column":17},"end":{"line":12,"column":52}},"type":"binary-expr","locations":[{"start":{"line":12,"column":17},"end":{"line":12,"column":42}},{"start":{"line":12,"column":46},"end":{"line":12,"column":52}}]}},"s":{"0":2,"1":2,"2":2,"3":2,"4":2,"5":2,"6":2,"7":2},"f":{},"b":{"0":[2,0]}}
,"/home/anusha/Documents/Ecommerce_Backend/src/entities/CartEntity.ts": {"path":"/home/anusha/Documents/Ecommerce_Backend/src/entities/CartEntity.ts","statementMap":{"0":{"start":{"line":1,"column":0},"end":{"line":1,"column":null}},"1":{"start":{"line":8,"column":0},"end":{"line":8,"column":44}},"2":{"start":{"line":9,"column":0},"end":{"line":9,"column":36}},"3":{"start":{"line":12,"column":7},"end":{"line":24,"column":null}},"4":{"start":{"line":12,"column":13},"end":{"line":12,"column":17}},"5":{"start":{"line":14,"column":2},"end":{"line":14,"column":null}},"6":{"start":{"line":17,"column":2},"end":{"line":17,"column":null}},"7":{"start":{"line":16,"column":19},"end":{"line":16,"column":27}},"8":{"start":{"line":16,"column":43},"end":{"line":16,"column":56}},"9":{"start":{"line":20,"column":2},"end":{"line":20,"column":null}},"10":{"start":{"line":23,"column":2},"end":{"line":23,"column":null}},"11":{"start":{"line":22,"column":19},"end":{"line":22,"column":23}},"12":{"start":{"line":22,"column":35},"end":{"line":22,"column":45}},"13":{"start":{"line":12,"column":13},"end":{"line":24,"column":null}}},"fnMap":{"0":{"name":"(anonymous_2)","decl":{"start":{"line":16,"column":13},"end":{"line":16,"column":16}},"loc":{"start":{"line":16,"column":19},"end":{"line":16,"column":27}}},"1":{"name":"(anonymous_3)","decl":{"start":{"line":16,"column":29},"end":{"line":16,"column":30}},"loc":{"start":{"line":16,"column":43},"end":{"line":16,"column":56}}},"2":{"name":"(anonymous_4)","decl":{"start":{"line":22,"column":13},"end":{"line":22,"column":16}},"loc":{"start":{"line":22,"column":19},"end":{"line":22,"column":23}}},"3":{"name":"(anonymous_5)","decl":{"start":{"line":22,"column":25},"end":{"line":22,"column":26}},"loc":{"start":{"line":22,"column":35},"end":{"line":22,"column":45}}}},"branchMap":{},"s":{"0":2,"1":2,"2":2,"3":2,"4":2,"5":2,"6":2,"7":2,"8":2,"9":2,"10":2,"11":2,"12":2,"13":2},"f":{"0":2,"1":2,"2":2,"3":2},"b":{}}
,"/home/anusha/Documents/Ecommerce_Backend/src/entities/CartItemEntity.ts": {"path":"/home/anusha/Documents/Ecommerce_Backend/src/entities/CartItemEntity.ts","statementMap":{"0":{"start":{"line":1,"column":0},"end":{"line":1,"column":76}},"1":{"start":{"line":2,"column":0},"end":{"line":2,"column":42}},"2":{"start":{"line":3,"column":0},"end":{"line":3,"column":36}},"3":{"start":{"line":6,"column":7},"end":{"line":18,"column":null}},"4":{"start":{"line":6,"column":13},"end":{"line":6,"column":21}},"5":{"start":{"line":8,"column":2},"end":{"line":8,"column":null}},"6":{"start":{"line":11,"column":2},"end":{"line":11,"column":null}},"7":{"start":{"line":10,"column":19},"end":{"line":10,"column":26}},"8":{"start":{"line":14,"column":2},"end":{"line":14,"column":null}},"9":{"start":{"line":13,"column":19},"end":{"line":13,"column":23}},"10":{"start":{"line":13,"column":35},"end":{"line":13,"column":49}},"11":{"start":{"line":17,"column":2},"end":{"line":17,"column":null}},"12":{"start":{"line":6,"column":13},"end":{"line":18,"column":null}}},"fnMap":{"0":{"name":"(anonymous_2)","decl":{"start":{"line":10,"column":13},"end":{"line":10,"column":16}},"loc":{"start":{"line":10,"column":19},"end":{"line":10,"column":26}}},"1":{"name":"(anonymous_3)","decl":{"start":{"line":13,"column":13},"end":{"line":13,"column":16}},"loc":{"start":{"line":13,"column":19},"end":{"line":13,"column":23}}},"2":{"name":"(anonymous_4)","decl":{"start":{"line":13,"column":25},"end":{"line":13,"column":26}},"loc":{"start":{"line":13,"column":35},"end":{"line":13,"column":49}}}},"branchMap":{},"s":{"0":2,"1":2,"2":2,"3":2,"4":2,"5":2,"6":2,"7":2,"8":2,"9":2,"10":2,"11":2,"12":2},"f":{"0":2,"1":2,"2":2},"b":{}}
,"/home/anusha/Documents/Ecommerce_Backend/src/entities/ProductEntity.ts": {"path":"/home/anusha/Documents/Ecommerce_Backend/src/entities/ProductEntity.ts","statementMap":{"0":{"start":{"line":1,"column":0},"end":{"line":1,"column":65}},"1":{"start":{"line":4,"column":7},"end":{"line":22,"column":null}},"2":{"start":{"line":4,"column":13},"end":{"line":4,"column":20}},"3":{"start":{"line":6,"column":2},"end":{"line":6,"column":null}},"4":{"start":{"line":9,"column":2},"end":{"line":9,"column":null}},"5":{"start":{"line":12,"column":2},"end":{"line":12,"column":null}},"6":{"start":{"line":15,"column":2},"end":{"line":15,"column":null}},"7":{"start":{"line":18,"column":2},"end":{"line":18,"column":null}},"8":{"start":{"line":21,"column":2},"end":{"line":21,"column":null}},"9":{"start":{"line":4,"column":13},"end":{"line":22,"column":null}}},"fnMap":{},"branchMap":{},"s":{"0":2,"1":2,"2":2,"3":2,"4":2,"5":2,"6":2,"7":2,"8":2,"9":2},"f":{},"b":{}}
,"/home/anusha/Documents/Ecommerce_Backend/src/entities/UserEntity.ts": {"path":"/home/anusha/Documents/Ecommerce_Backend/src/entities/UserEntity.ts","statementMap":{"0":{"start":{"line":1,"column":0},"end":{"line":1,"column":76}},"1":{"start":{"line":2,"column":0},"end":{"line":2,"column":36}},"2":{"start":{"line":6,"column":7},"end":{"line":21,"column":null}},"3":{"start":{"line":6,"column":13},"end":{"line":6,"column":17}},"4":{"start":{"line":8,"column":2},"end":{"line":8,"column":null}},"5":{"start":{"line":11,"column":2},"end":{"line":11,"column":null}},"6":{"start":{"line":14,"column":2},"end":{"line":14,"column":null}},"7":{"start":{"line":17,"column":2},"end":{"line":17,"column":null}},"8":{"start":{"line":20,"column":2},"end":{"line":20,"column":null}},"9":{"start":{"line":19,"column":19},"end":{"line":19,"column":23}},"10":{"start":{"line":19,"column":35},"end":{"line":19,"column":44}},"11":{"start":{"line":6,"column":13},"end":{"line":21,"column":null}}},"fnMap":{"0":{"name":"(anonymous_2)","decl":{"start":{"line":19,"column":13},"end":{"line":19,"column":16}},"loc":{"start":{"line":19,"column":19},"end":{"line":19,"column":23}}},"1":{"name":"(anonymous_3)","decl":{"start":{"line":19,"column":25},"end":{"line":19,"column":26}},"loc":{"start":{"line":19,"column":35},"end":{"line":19,"column":44}}}},"branchMap":{},"s":{"0":2,"1":2,"2":2,"3":2,"4":2,"5":2,"6":2,"7":2,"8":2,"9":2,"10":2,"11":2},"f":{"0":2,"1":2},"b":{}}
,"/home/anusha/Documents/Ecommerce_Backend/src/graphql/jwtmiddleware.ts": {"path":"/home/anusha/Documents/Ecommerce_Backend/src/graphql/jwtmiddleware.ts","statementMap":{"0":{"start":{"line":1,"column":0},"end":{"line":1,"column":31}},"1":{"start":{"line":3,"column":19},"end":{"line":3,"column":62}},"2":{"start":{"line":5,"column":27},"end":{"line":15,"column":1}},"3":{"start":{"line":6,"column":2},"end":{"line":14,"column":3}},"4":{"start":{"line":7,"column":20},"end":{"line":7,"column":null}},"5":{"start":{"line":11,"column":4},"end":{"line":11,"column":19}},"6":{"start":{"line":13,"column":4},"end":{"line":13,"column":48}},"7":{"start":{"line":5,"column":13},"end":{"line":5,"column":27}}},"fnMap":{"0":{"name":"(anonymous_1)","decl":{"start":{"line":5,"column":27},"end":{"line":5,"column":28}},"loc":{"start":{"line":5,"column":45},"end":{"line":15,"column":1}}}},"branchMap":{"0":{"loc":{"start":{"line":3,"column":19},"end":{"line":3,"column":62}},"type":"binary-expr","locations":[{"start":{"line":3,"column":19},"end":{"line":3,"column":41}},{"start":{"line":3,"column":45},"end":{"line":3,"column":62}}]}},"s":{"0":2,"1":2,"2":2,"3":0,"4":0,"5":0,"6":0,"7":2},"f":{"0":0},"b":{"0":[2,2]}}
,"/home/anusha/Documents/Ecommerce_Backend/src/graphql/resolvers.ts": {"path":"/home/anusha/Documents/Ecommerce_Backend/src/graphql/resolvers.ts","statementMap":{"0":{"start":{"line":1,"column":0},"end":{"line":1,"column":26}},"1":{"start":{"line":3,"column":0},"end":{"line":3,"column":28}},"2":{"start":{"line":4,"column":0},"end":{"line":4,"column":31}},"3":{"start":{"line":5,"column":0},"end":{"line":5,"column":46}},"4":{"start":{"line":10,"column":19},"end":{"line":10,"column":62}},"5":{"start":{"line":11,"column":25},"end":{"line":11,"column":57}},"6":{"start":{"line":22,"column":13},"end":{"line":337,"column":2}},"7":{"start":{"line":33,"column":6},"end":{"line":48,"column":7}},"8":{"start":{"line":34,"column":8},"end":{"line":37,"column":9}},"9":{"start":{"line":35,"column":26},"end":{"line":35,"column":52}},"10":{"start":{"line":36,"column":10},"end":{"line":36,"column":45}},"11":{"start":{"line":39,"column":34},"end":{"line":43,"column":10}},"12":{"start":{"line":44,"column":8},"end":{"line":44,"column":35}},"13":{"start":{"line":46,"column":8},"end":{"line":46,"column":69}},"14":{"start":{"line":47,"column":8},"end":{"line":47,"column":52}},"15":{"start":{"line":56,"column":6},"end":{"line":68,"column":7}},"16":{"start":{"line":57,"column":8},"end":{"line":60,"column":9}},"17":{"start":{"line":58,"column":26},"end":{"line":58,"column":52}},"18":{"start":{"line":59,"column":10},"end":{"line":59,"column":45}},"19":{"start":{"line":62,"column":24},"end":{"line":62,"column":73}},"20":{"start":{"line":63,"column":8},"end":{"line":63,"column":59}},"21":{"start":{"line":63,"column":22},"end":{"line":63,"column":59}},"22":{"start":{"line":64,"column":8},"end":{"line":64,"column":23}},"23":{"start":{"line":66,"column":8},"end":{"line":66,"column":62}},"24":{"start":{"line":67,"column":8},"end":{"line":67,"column":51}},"25":{"start":{"line":76,"column":6},"end":{"line":90,"column":7}},"26":{"start":{"line":77,"column":21},"end":{"line":80,"column":10}},"27":{"start":{"line":82,"column":8},"end":{"line":84,"column":9}},"28":{"start":{"line":83,"column":10},"end":{"line":83,"column":44}},"29":{"start":{"line":86,"column":8},"end":{"line":86,"column":20}},"30":{"start":{"line":88,"column":8},"end":{"line":88,"column":53}},"31":{"start":{"line":89,"column":8},"end":{"line":89,"column":48}},"32":{"start":{"line":104,"column":6},"end":{"line":119,"column":7}},"33":{"start":{"line":105,"column":29},"end":{"line":105,"column":69}},"34":{"start":{"line":106,"column":8},"end":{"line":106,"column":65}},"35":{"start":{"line":106,"column":26},"end":{"line":106,"column":65}},"36":{"start":{"line":108,"column":31},"end":{"line":108,"column":62}},"37":{"start":{"line":109,"column":21},"end":{"line":113,"column":10}},"38":{"start":{"line":114,"column":8},"end":{"line":114,"column":40}},"39":{"start":{"line":115,"column":8},"end":{"line":115,"column":20}},"40":{"start":{"line":117,"column":8},"end":{"line":117,"column":56}},"41":{"start":{"line":118,"column":8},"end":{"line":118,"column":51}},"42":{"start":{"line":127,"column":6},"end":{"line":144,"column":7}},"43":{"start":{"line":128,"column":21},"end":{"line":128,"column":61}},"44":{"start":{"line":129,"column":8},"end":{"line":129,"column":53}},"45":{"start":{"line":129,"column":19},"end":{"line":129,"column":53}},"46":{"start":{"line":131,"column":32},"end":{"line":131,"column":77}},"47":{"start":{"line":132,"column":8},"end":{"line":132,"column":66}},"48":{"start":{"line":132,"column":30},"end":{"line":132,"column":66}},"49":{"start":{"line":134,"column":22},"end":{"line":137,"column":null}},"50":{"start":{"line":140,"column":8},"end":{"line":140,"column":25}},"51":{"start":{"line":142,"column":8},"end":{"line":142,"column":55}},"52":{"start":{"line":143,"column":8},"end":{"line":143,"column":58}},"53":{"start":{"line":157,"column":10},"end":{"line":157,"column":17}},"54":{"start":{"line":159,"column":6},"end":{"line":206,"column":7}},"55":{"start":{"line":160,"column":21},"end":{"line":160,"column":76}},"56":{"start":{"line":161,"column":8},"end":{"line":163,"column":9}},"57":{"start":{"line":162,"column":10},"end":{"line":162,"column":44}},"58":{"start":{"line":165,"column":24},"end":{"line":167,"column":10}},"59":{"start":{"line":168,"column":8},"end":{"line":170,"column":9}},"60":{"start":{"line":169,"column":10},"end":{"line":169,"column":47}},"61":{"start":{"line":172,"column":19},"end":{"line":175,"column":10}},"62":{"start":{"line":176,"column":8},"end":{"line":179,"column":9}},"63":{"start":{"line":177,"column":10},"end":{"line":177,"column":49}},"64":{"start":{"line":178,"column":10},"end":{"line":178,"column":42}},"65":{"start":{"line":181,"column":8},"end":{"line":183,"column":9}},"66":{"start":{"line":182,"column":10},"end":{"line":182,"column":30}},"67":{"start":{"line":185,"column":23},"end":{"line":186,"column":null}},"68":{"start":{"line":186,"column":25},"end":{"line":186,"column":54}},"69":{"start":{"line":188,"column":8},"end":{"line":197,"column":9}},"70":{"start":{"line":189,"column":10},"end":{"line":189,"column":40}},"71":{"start":{"line":191,"column":10},"end":{"line":195,"column":13}},"72":{"start":{"line":196,"column":10},"end":{"line":196,"column":40}},"73":{"start":{"line":199,"column":8},"end":{"line":199,"column":48}},"74":{"start":{"line":200,"column":8},"end":{"line":200,"column":40}},"75":{"start":{"line":202,"column":8},"end":{"line":202,"column":20}},"76":{"start":{"line":204,"column":8},"end":{"line":204,"column":60}},"77":{"start":{"line":205,"column":8},"end":{"line":205,"column":54}},"78":{"start":{"line":217,"column":6},"end":{"line":241,"column":7}},"79":{"start":{"line":218,"column":8},"end":{"line":221,"column":9}},"80":{"start":{"line":219,"column":26},"end":{"line":219,"column":44}},"81":{"start":{"line":220,"column":10},"end":{"line":220,"column":45}},"82":{"start":{"line":223,"column":25},"end":{"line":223,"column":58}},"83":{"start":{"line":225,"column":44},"end":{"line":225,"column":72}},"84":{"start":{"line":227,"column":36},"end":{"line":234,"column":11}},"85":{"start":{"line":227,"column":63},"end":{"line":234,"column":10}},"86":{"start":{"line":236,"column":8},"end":{"line":236,"column":58}},"87":{"start":{"line":237,"column":8},"end":{"line":237,"column":35}},"88":{"start":{"line":239,"column":8},"end":{"line":239,"column":69}},"89":{"start":{"line":240,"column":8},"end":{"line":240,"column":62}},"90":{"start":{"line":261,"column":6},"end":{"line":274,"column":7}},"91":{"start":{"line":262,"column":24},"end":{"line":268,"column":10}},"92":{"start":{"line":269,"column":8},"end":{"line":269,"column":54}},"93":{"start":{"line":270,"column":8},"end":{"line":270,"column":23}},"94":{"start":{"line":272,"column":8},"end":{"line":272,"column":56}},"95":{"start":{"line":273,"column":8},"end":{"line":273,"column":52}},"96":{"start":{"line":296,"column":6},"end":{"line":313,"column":7}},"97":{"start":{"line":297,"column":8},"end":{"line":302,"column":9}},"98":{"start":{"line":298,"column":26},"end":{"line":298,"column":52}},"99":{"start":{"line":299,"column":10},"end":{"line":299,"column":72}},"100":{"start":{"line":299,"column":40},"end":{"line":299,"column":72}},"101":{"start":{"line":301,"column":10},"end":{"line":301,"column":47}},"102":{"start":{"line":304,"column":24},"end":{"line":304,"column":73}},"103":{"start":{"line":305,"column":8},"end":{"line":305,"column":59}},"104":{"start":{"line":305,"column":22},"end":{"line":305,"column":59}},"105":{"start":{"line":307,"column":8},"end":{"line":307,"column":74}},"106":{"start":{"line":308,"column":8},"end":{"line":308,"column":54}},"107":{"start":{"line":309,"column":8},"end":{"line":309,"column":23}},"108":{"start":{"line":311,"column":8},"end":{"line":311,"column":56}},"109":{"start":{"line":312,"column":8},"end":{"line":312,"column":52}},"110":{"start":{"line":321,"column":6},"end":{"line":334,"column":7}},"111":{"start":{"line":322,"column":8},"end":{"line":327,"column":9}},"112":{"start":{"line":323,"column":26},"end":{"line":323,"column":52}},"113":{"start":{"line":324,"column":10},"end":{"line":324,"column":72}},"114":{"start":{"line":324,"column":40},"end":{"line":324,"column":72}},"115":{"start":{"line":326,"column":10},"end":{"line":326,"column":47}},"116":{"start":{"line":329,"column":23},"end":{"line":329,"column":69}},"117":{"start":{"line":330,"column":8},"end":{"line":330,"column":46}},"118":{"start":{"line":332,"column":8},"end":{"line":332,"column":56}},"119":{"start":{"line":333,"column":8},"end":{"line":333,"column":52}}},"fnMap":{"0":{"name":"(anonymous_1)","decl":{"start":{"line":24,"column":4},"end":{"line":24,"column":9}},"loc":{"start":{"line":31,"column":73},"end":{"line":49,"column":5}}},"1":{"name":"(anonymous_2)","decl":{"start":{"line":51,"column":4},"end":{"line":51,"column":9}},"loc":{"start":{"line":54,"column":73},"end":{"line":69,"column":5}}},"2":{"name":"(anonymous_3)","decl":{"start":{"line":71,"column":4},"end":{"line":71,"column":9}},"loc":{"start":{"line":74,"column":62},"end":{"line":91,"column":5}}},"3":{"name":"(anonymous_4)","decl":{"start":{"line":95,"column":4},"end":{"line":95,"column":9}},"loc":{"start":{"line":102,"column":62},"end":{"line":120,"column":5}}},"4":{"name":"(anonymous_5)","decl":{"start":{"line":122,"column":4},"end":{"line":122,"column":9}},"loc":{"start":{"line":125,"column":62},"end":{"line":145,"column":5}}},"5":{"name":"(anonymous_6)","decl":{"start":{"line":147,"column":19},"end":{"line":147,"column":24}},"loc":{"start":{"line":151,"column":8},"end":{"line":207,"column":5}}},"6":{"name":"(anonymous_7)","decl":{"start":{"line":186,"column":10},"end":{"line":186,"column":11}},"loc":{"start":{"line":186,"column":25},"end":{"line":186,"column":54}}},"7":{"name":"(anonymous_8)","decl":{"start":{"line":209,"column":4},"end":{"line":209,"column":9}},"loc":{"start":{"line":215,"column":66},"end":{"line":242,"column":5}}},"8":{"name":"(anonymous_9)","decl":{"start":{"line":227,"column":49},"end":{"line":227,"column":50}},"loc":{"start":{"line":227,"column":63},"end":{"line":234,"column":10}}},"9":{"name":"(anonymous_10)","decl":{"start":{"line":244,"column":4},"end":{"line":244,"column":9}},"loc":{"start":{"line":259,"column":73},"end":{"line":275,"column":5}}},"10":{"name":"(anonymous_11)","decl":{"start":{"line":277,"column":4},"end":{"line":277,"column":9}},"loc":{"start":{"line":294,"column":73},"end":{"line":314,"column":5}}},"11":{"name":"(anonymous_12)","decl":{"start":{"line":316,"column":4},"end":{"line":316,"column":9}},"loc":{"start":{"line":319,"column":73},"end":{"line":335,"column":5}}}},"branchMap":{"0":{"loc":{"start":{"line":10,"column":19},"end":{"line":10,"column":62}},"type":"binary-expr","locations":[{"start":{"line":10,"column":19},"end":{"line":10,"column":41}},{"start":{"line":10,"column":45},"end":{"line":10,"column":62}}]},"1":{"loc":{"start":{"line":28,"column":8},"end":{"line":28,"column":16}},"type":"default-arg","locations":[{"start":{"line":28,"column":15},"end":{"line":28,"column":16}}]},"2":{"loc":{"start":{"line":29,"column":8},"end":{"line":29,"column":18}},"type":"default-arg","locations":[{"start":{"line":29,"column":16},"end":{"line":29,"column":18}}]},"3":{"loc":{"start":{"line":34,"column":8},"end":{"line":37,"column":9}},"type":"if","locations":[{"start":{"line":34,"column":8},"end":{"line":37,"column":9}}]},"4":{"loc":{"start":{"line":57,"column":8},"end":{"line":60,"column":9}},"type":"if","locations":[{"start":{"line":57,"column":8},"end":{"line":60,"column":9}}]},"5":{"loc":{"start":{"line":63,"column":8},"end":{"line":63,"column":59}},"type":"if","locations":[{"start":{"line":63,"column":8},"end":{"line":63,"column":59}}]},"6":{"loc":{"start":{"line":82,"column":8},"end":{"line":84,"column":9}},"type":"if","locations":[{"start":{"line":82,"column":8},"end":{"line":84,"column":9}}]},"7":{"loc":{"start":{"line":106,"column":8},"end":{"line":106,"column":65}},"type":"if","locations":[{"start":{"line":106,"column":8},"end":{"line":106,"column":65}}]},"8":{"loc":{"start":{"line":129,"column":8},"end":{"line":129,"column":53}},"type":"if","locations":[{"start":{"line":129,"column":8},"end":{"line":129,"column":53}}]},"9":{"loc":{"start":{"line":132,"column":8},"end":{"line":132,"column":66}},"type":"if","locations":[{"start":{"line":132,"column":8},"end":{"line":132,"column":66}}]},"10":{"loc":{"start":{"line":161,"column":8},"end":{"line":163,"column":9}},"type":"if","locations":[{"start":{"line":161,"column":8},"end":{"line":163,"column":9}}]},"11":{"loc":{"start":{"line":168,"column":8},"end":{"line":170,"column":9}},"type":"if","locations":[{"start":{"line":168,"column":8},"end":{"line":170,"column":9}}]},"12":{"loc":{"start":{"line":176,"column":8},"end":{"line":179,"column":9}},"type":"if","locations":[{"start":{"line":176,"column":8},"end":{"line":179,"column":9}}]},"13":{"loc":{"start":{"line":181,"column":8},"end":{"line":183,"column":9}},"type":"if","locations":[{"start":{"line":181,"column":8},"end":{"line":183,"column":9}}]},"14":{"loc":{"start":{"line":188,"column":8},"end":{"line":197,"column":9}},"type":"if","locations":[{"start":{"line":188,"column":8},"end":{"line":197,"column":9}},{"start":{"line":190,"column":15},"end":{"line":197,"column":9}}]},"15":{"loc":{"start":{"line":218,"column":8},"end":{"line":221,"column":9}},"type":"if","locations":[{"start":{"line":218,"column":8},"end":{"line":221,"column":9}}]},"16":{"loc":{"start":{"line":225,"column":44},"end":{"line":225,"column":72}},"type":"binary-expr","locations":[{"start":{"line":225,"column":44},"end":{"line":225,"column":66}},{"start":{"line":225,"column":70},"end":{"line":225,"column":72}}]},"17":{"loc":{"start":{"line":233,"column":17},"end":{"line":233,"column":77}},"type":"binary-expr","locations":[{"start":{"line":233,"column":17},"end":{"line":233,"column":34}},{"start":{"line":233,"column":38},"end":{"line":233,"column":77}}]},"18":{"loc":{"start":{"line":297,"column":8},"end":{"line":302,"column":9}},"type":"if","locations":[{"start":{"line":297,"column":8},"end":{"line":302,"column":9}},{"start":{"line":300,"column":15},"end":{"line":302,"column":9}}]},"19":{"loc":{"start":{"line":299,"column":10},"end":{"line":299,"column":72}},"type":"if","locations":[{"start":{"line":299,"column":10},"end":{"line":299,"column":72}}]},"20":{"loc":{"start":{"line":305,"column":8},"end":{"line":305,"column":59}},"type":"if","locations":[{"start":{"line":305,"column":8},"end":{"line":305,"column":59}}]},"21":{"loc":{"start":{"line":322,"column":8},"end":{"line":327,"column":9}},"type":"if","locations":[{"start":{"line":322,"column":8},"end":{"line":327,"column":9}},{"start":{"line":325,"column":15},"end":{"line":327,"column":9}}]},"22":{"loc":{"start":{"line":324,"column":10},"end":{"line":324,"column":72}},"type":"if","locations":[{"start":{"line":324,"column":10},"end":{"line":324,"column":72}}]},"23":{"loc":{"start":{"line":330,"column":15},"end":{"line":330,"column":45}},"type":"cond-expr","locations":[{"start":{"line":330,"column":33},"end":{"line":330,"column":37}},{"start":{"line":330,"column":40},"end":{"line":330,"column":45}}]}},"s":{"0":3,"1":3,"2":3,"3":3,"4":3,"5":3,"6":3,"7":1,"8":1,"9":0,"10":0,"11":1,"12":1,"13":0,"14":0,"15":0,"16":0,"17":0,"18":0,"19":0,"20":0,"21":0,"22":0,"23":0,"24":0,"25":0,"26":0,"27":0,"28":0,"29":0,"30":0,"31":0,"32":0,"33":0,"34":0,"35":0,"36":0,"37":0,"38":0,"39":0,"40":0,"41":0,"42":0,"43":0,"44":0,"45":0,"46":0,"47":0,"48":0,"49":0,"50":0,"51":0,"52":0,"53":0,"54":0,"55":0,"56":0,"57":0,"58":0,"59":0,"60":0,"61":0,"62":0,"63":0,"64":0,"65":0,"66":0,"67":0,"68":0,"69":0,"70":0,"71":0,"72":0,"73":0,"74":0,"75":0,"76":0,"77":0,"78":3,"79":3,"80":3,"81":3,"82":3,"83":2,"84":2,"85":2,"86":2,"87":2,"88":1,"89":1,"90":0,"91":0,"92":0,"93":0,"94":0,"95":0,"96":0,"97":0,"98":0,"99":0,"100":0,"101":0,"102":0,"103":0,"104":0,"105":0,"106":0,"107":0,"108":0,"109":0,"110":0,"111":0,"112":0,"113":0,"114":0,"115":0,"116":0,"117":0,"118":0,"119":0},"f":{"0":1,"1":0,"2":0,"3":0,"4":0,"5":0,"6":0,"7":3,"8":2,"9":0,"10":0,"11":0},"b":{"0":[3,3],"1":[1],"2":[1],"3":[0],"4":[0],"5":[0],"6":[0],"7":[0],"8":[0],"9":[0],"10":[0],"11":[0],"12":[0],"13":[0],"14":[0,0],"15":[3],"16":[2,0],"17":[2,1],"18":[0,0],"19":[0],"20":[0],"21":[0,0],"22":[0],"23":[0,0]}}
,"/home/anusha/Documents/Ecommerce_Backend/src/graphql/schema.ts": {"path":"/home/anusha/Documents/Ecommerce_Backend/src/graphql/schema.ts","statementMap":{"0":{"start":{"line":1,"column":0},"end":{"line":1,"column":44}},"1":{"start":{"line":3,"column":13},"end":{"line":71,"column":2}}},"fnMap":{},"branchMap":{},"s":{"0":2,"1":2},"f":{},"b":{}}
,"/home/anusha/Documents/Ecommerce_Backend/src/tests/setupTests.ts": {"path":"/home/anusha/Documents/Ecommerce_Backend/src/tests/setupTests.ts","statementMap":{"0":{"start":{"line":1,"column":0},"end":{"line":1,"column":49}}},"fnMap":{},"branchMap":{},"s":{"0":0},"f":{},"b":{}}
}
