TN:
SF:src/app.ts
FN:29,(anonymous_1)
FN:40,(anonymous_2)
FN:50,(anonymous_3)
FN:60,(anonymous_4)
FN:62,(anonymous_5)
FN:63,(anonymous_6)
FN:79,(anonymous_7)
FNF:7
FNH:0
FNDA:0,(anonymous_1)
FNDA:0,(anonymous_2)
FNDA:0,(anonymous_3)
FNDA:0,(anonymous_4)
FNDA:0,(anonymous_5)
FNDA:0,(anonymous_6)
FNDA:0,(anonymous_7)
DA:1,0
DA:2,0
DA:3,0
DA:4,0
DA:5,0
DA:6,0
DA:8,0
DA:9,0
DA:10,0
DA:12,0
DA:14,0
DA:16,0
DA:18,0
DA:26,0
DA:30,0
DA:31,0
DA:33,0
DA:34,0
DA:38,0
DA:40,0
DA:41,0
DA:42,0
DA:43,0
DA:46,0
DA:47,0
DA:49,0
DA:50,0
DA:51,0
DA:54,0
DA:57,0
DA:60,0
DA:61,0
DA:62,0
DA:63,0
DA:64,0
DA:65,0
DA:67,0
DA:68,0
DA:69,0
DA:74,0
DA:78,0
DA:79,0
DA:80,0
DA:81,0
LF:44
LH:0
BRDA:30,0,0,0
BRDA:41,1,0,0
BRDA:49,2,0,0
BRDA:49,2,1,0
BRDA:61,3,0,0
BRDA:61,3,1,0
BRDA:63,4,0,0
BRDA:63,4,1,0
BRDA:63,5,0,0
BRDA:63,5,1,0
BRDA:64,6,0,0
BRDA:64,6,1,0
BRDA:78,7,0,0
BRF:13
BRH:0
end_of_record
TN:
SF:src/index.ts
FN:3,(anonymous_0)
FNF:1
FNH:1
FNDA:1,(anonymous_0)
DA:1,1
DA:3,1
DA:4,1
DA:5,1
DA:6,0
DA:7,0
DA:8,0
DA:10,1
DA:13,0
LF:9
LH:5
BRDA:5,0,0,0
BRDA:5,0,1,1
BRF:2
BRH:1
end_of_record
TN:
SF:src/config/ormconfig.ts
FNF:0
FNH:0
DA:1,3
DA:2,3
DA:3,3
DA:4,3
DA:6,3
LF:5
LH:5
BRDA:9,0,0,3
BRDA:9,0,1,0
BRF:2
BRH:1
end_of_record
TN:
SF:src/entities/ProductEntity.ts
FNF:0
FNH:0
DA:1,3
DA:4,3
DA:6,3
DA:9,3
DA:12,3
DA:15,3
DA:18,3
DA:21,3
LF:8
LH:8
BRF:0
BRH:0
end_of_record
TN:
SF:src/graphql/resolvers.ts
FN:10,(anonymous_1)
FN:33,(anonymous_2)
FN:57,(anonymous_3)
FN:66,(anonymous_4)
FN:96,(anonymous_5)
FN:124,(anonymous_6)
FN:149,(anonymous_7)
FNF:7
FNH:3
FNDA:1,(anonymous_1)
FNDA:0,(anonymous_2)
FNDA:2,(anonymous_3)
FNDA:2,(anonymous_4)
FNDA:0,(anonymous_5)
FNDA:0,(anonymous_6)
FNDA:0,(anonymous_7)
DA:1,3
DA:6,3
DA:8,3
DA:15,1
DA:16,1
DA:18,0
DA:19,0
DA:24,0
DA:29,0
DA:38,0
DA:39,0
DA:40,0
DA:41,0
DA:43,0
DA:44,0
DA:49,0
DA:51,0
DA:62,2
DA:63,2
DA:64,2
DA:66,2
DA:78,2
DA:79,2
DA:81,0
DA:82,0
DA:88,0
DA:90,0
DA:91,0
DA:101,0
DA:102,0
DA:109,0
DA:110,0
DA:112,0
DA:113,0
DA:118,0
DA:120,0
DA:129,0
DA:130,0
DA:131,0
DA:133,0
DA:134,0
DA:135,0
DA:137,0
DA:138,0
DA:143,0
DA:145,0
DA:154,0
DA:155,0
DA:156,0
DA:158,0
DA:159,0
DA:164,0
DA:166,0
LF:53
LH:11
BRDA:18,0,0,0
BRDA:18,0,1,0
BRDA:40,1,0,0
BRDA:43,2,0,0
BRDA:43,2,1,0
BRDA:64,3,0,2
BRDA:64,3,1,0
BRDA:73,4,0,0
BRDA:73,4,1,2
BRDA:73,5,0,2
BRDA:73,5,1,0
BRDA:81,6,0,0
BRDA:81,6,1,0
BRDA:86,7,0,0
BRDA:86,7,1,0
BRDA:86,8,0,0
BRDA:86,8,1,0
BRDA:112,9,0,0
BRDA:112,9,1,0
BRDA:131,10,0,0
BRDA:137,11,0,0
BRDA:137,11,1,0
BRDA:156,12,0,0
BRDA:156,12,1,0
BRDA:158,13,0,0
BRDA:158,13,1,0
BRF:26
BRH:3
end_of_record
TN:
SF:src/graphql/schema.ts
FNF:0
FNH:0
DA:1,2
DA:3,2
LF:2
LH:2
BRF:0
BRH:0
end_of_record
TN:
SF:src/tests/setupTests.ts
FNF:0
FNH:0
DA:1,0
LF:1
LH:0
BRF:0
BRH:0
end_of_record
